<?xml version="1.0" encoding="UTF-8"?>
<!-- Generated by org.testng.reporters.JUnitXMLReporter -->
<testsuite ignored="1" hostname="DESKTOP-FKDVKBG" failures="1" tests="1" name="Demo(failed)" time="0.234" errors="0" timestamp="2024-04-10T15:18:12 IST">
  <testcase classname="org.testng.DemoTest" name="DemoTest" time="0.077">
    <failure type="java.lang.AssertionError" message="expected [true] but found [false]">
      <![CDATA[java.lang.AssertionError: expected [true] but found [false]
at java.base/java.util.ArrayList.forEach(ArrayList.java:1511)
... Removed 30 stack frames]]>
    </failure>
  </testcase> <!-- DemoTest -->
  <testcase classname="org.testng.DemoTest" name="DemoTes" time="0.0">
    <ignored/>
  </testcase> <!-- DemoTes -->
</testsuite> <!-- Demo(failed) -->
