<?xml version="1.0" encoding="UTF-8"?>
<!-- Generated by org.testng.reporters.JUnitXMLReporter -->
<testsuite ignored="5" hostname="DESKTOP-FKDVKBG" failures="1" tests="2" name="Demo" time="0.293" errors="0" timestamp="2024-03-25T16:02:45 IST">
  <testcase classname="org.testng.DemoTest" name="DemoTest" time="0.102">
    <failure type="java.lang.AssertionError" message="expected [true] but found [false]">
      <![CDATA[java.lang.AssertionError: expected [true] but found [false]
at java.base/java.util.ArrayList.forEach(ArrayList.java:1511)
... Removed 30 stack frames]]>
    </failure>
  </testcase> <!-- DemoTest -->
  <testcase classname="org.testng.AllAnnotations" name="DemoTest" time="0.011"/>
  <testcase classname="org.testng.AllAnnotations" name="Test1" time="0.0">
    <ignored/>
  </testcase> <!-- Test1 -->
  <testcase classname="org.testng.DemoTest" name="DemoTes" time="0.0">
    <ignored/>
  </testcase> <!-- DemoTes -->
  <testcase classname="org.testng.AllAnnotations" name="Test" time="0.0">
    <ignored/>
  </testcase> <!-- Test -->
  <testcase classname="org.testng.AllAnnotations" name="Test2" time="0.0">
    <ignored/>
  </testcase> <!-- Test2 -->
  <testcase classname="org.testng.AllAnnotations" name="Test3" time="0.0">
    <ignored/>
  </testcase> <!-- Test3 -->
</testsuite> <!-- Demo -->
