<?xml version="1.0" encoding="UTF-8"?>
<!-- Generated by org.testng.reporters.JUnitXMLReporter -->
<testsuite ignored="1" hostname="DESKTOP-FKDVKBG" failures="0" tests="12" name="Loan Test" time="0.293" errors="0" timestamp="2024-03-25T16:02:46 IST">
  <testcase classname="org.Udemy.CarLoan" name="CarModelYear" time="0.005"/>
  <testcase classname="org.Udemy.CarLoan" name="CarLogin" time="0.011"/>
  <testcase classname="org.Udemy.CarLoan" name="CarSmokeLogin" time="0.007"/>
  <testcase classname="org.Udemy.BikeLoan" name="BikeLogin" time="0.01"/>
  <testcase classname="org.Udemy.BikeLoan" name="BikeSmokeLogin" time="0.016"/>
  <testcase classname="org.Udemy.BikeLoan" name="BikeModelName" time="0.005"/>
  <testcase classname="org.Udemy.HomeLoan" name="CarSmokeLogin" time="0.005"/>
  <testcase classname="org.Udemy.HomeLoan" name="HomeLogin" time="0.015"/>
  <testcase classname="org.Udemy.HomeLoan" name="HomeModelName" time="0.018"/>
  <testcase classname="org.Udemy.HomeLoan" name="HomeModelName" time="0.01"/>
  <testcase classname="org.Udemy.HomeLoan" name="HomeModelName" time="0.007"/>
  <testcase classname="org.Udemy.CarLoan" name="CarModelName" time="0.005"/>
  <testcase classname="org.Udemy.HomeLoan" name="HomeModelType" time="0.0">
    <ignored/>
  </testcase> <!-- HomeModelType -->
</testsuite> <!-- Loan Test -->
