<?xml version="1.0" encoding="UTF-8"?>
<!-- Generated by org.testng.reporters.JUnitXMLReporter -->
<testsuite ignored="8" hostname="DESKTOP-FKDVKBG" failures="0" tests="3" name="Smoke Test" time="0.042" errors="0" timestamp="2024-03-25T16:02:46 IST">
  <testcase classname="org.Udemy.HomeLoan" name="CarSmokeLogin" time="0.003"/>
  <testcase classname="org.Udemy.CarLoan" name="CarSmokeLogin" time="0.004"/>
  <testcase classname="org.Udemy.BikeLoan" name="BikeSmokeLogin" time="0.013"/>
  <testcase classname="org.Udemy.BikeLoan" name="BikeLogin" time="0.0">
    <ignored/>
  </testcase> <!-- BikeLogin -->
  <testcase classname="org.Udemy.HomeLoan" name="HomeModelType" time="0.0">
    <ignored/>
  </testcase> <!-- HomeModelType -->
  <testcase classname="org.Udemy.CarLoan" name="CarLogin" time="0.0">
    <ignored/>
  </testcase> <!-- CarLogin -->
  <testcase classname="org.Udemy.CarLoan" name="CarModelYear" time="0.0">
    <ignored/>
  </testcase> <!-- CarModelYear -->
  <testcase classname="org.Udemy.BikeLoan" name="BikeModelName" time="0.0">
    <ignored/>
  </testcase> <!-- BikeModelName -->
  <testcase classname="org.Udemy.HomeLoan" name="HomeLogin" time="0.0">
    <ignored/>
  </testcase> <!-- HomeLogin -->
  <testcase classname="org.Udemy.HomeLoan" name="HomeModelName" time="0.0">
    <ignored/>
  </testcase> <!-- HomeModelName -->
  <testcase classname="org.Udemy.CarLoan" name="CarModelName" time="0.0">
    <ignored/>
  </testcase> <!-- CarModelName -->
</testsuite> <!-- Smoke Test -->
