<?xml version="1.0" encoding="UTF-8"?>
<!-- Generated by org.testng.reporters.JUnitXMLReporter -->
<testsuite ignored="1" hostname="DESKTOP-FKDVKBG" failures="0" tests="12" name="Test" time="0.291" errors="0" timestamp="2024-03-13T15:07:52 IST">
  <testcase classname="org.testng.DemoTest" name="DemoTest" time="0.016"/>
  <testcase classname="org.Udemy.CarLoan" name="CarLogin" time="0.005"/>
  <testcase classname="org.Udemy.CarLoan" name="CarModelName" time="0.005"/>
  <testcase classname="org.Udemy.BikeLoan" name="BikeLogin" time="0.006"/>
  <testcase classname="org.Udemy.BikeLoan" name="BikeModelName" time="0.008"/>
  <testcase classname="org.testng.AllAnnotations" name="Test" time="0.005"/>
  <testcase classname="org.testng.AllAnnotations" name="DemoTest" time="0.008"/>
  <testcase classname="org.testng.AllAnnotations" name="Test2" time="0.008"/>
  <testcase classname="org.testng.AllAnnotations" name="Test1" time="0.004"/>
  <testcase classname="org.testng.AllAnnotations" name="Test3" time="0.008"/>
  <testcase classname="org.Udemy.HomeLoan" name="HomeLogin" time="0.004"/>
  <testcase classname="org.Udemy.HomeLoan" name="HomeModelName" time="0.006"/>
  <testcase classname="org.testng.DemoTest" name="DemoTes" time="0.0">
    <ignored/>
  </testcase> <!-- DemoTes -->
</testsuite> <!-- Test -->
