<?xml version="1.0" encoding="UTF-8"?>
<!-- Generated by org.testng.reporters.JUnitXMLReporter -->
<testsuite ignored="4" hostname="DESKTOP-FKDVKBG" failures="0" tests="1" name="DemoAnnotations" time="0.09" errors="0" timestamp="2024-03-08T15:49:06 IST">
  <testcase classname="org.testng.AllAnnotations" name="DemoTest" time="0.013"/>
  <testcase classname="org.testng.AllAnnotations" name="Test1" time="0.0">
    <ignored/>
  </testcase> <!-- Test1 -->
  <testcase classname="org.testng.AllAnnotations" name="Test" time="0.0">
    <ignored/>
  </testcase> <!-- Test -->
  <testcase classname="org.testng.AllAnnotations" name="Test3" time="0.0">
    <ignored/>
  </testcase> <!-- Test3 -->
  <testcase classname="org.testng.AllAnnotations" name="Test2" time="0.0">
    <ignored/>
  </testcase> <!-- Test2 -->
</testsuite> <!-- DemoAnnotations -->
