<?xml version="1.0" encoding="UTF-8"?>
<!-- Generated by org.testng.reporters.JUnitXMLReporter -->
<testsuite ignored="1" hostname="DESKTOP-FKDVKBG" failures="0" tests="5" name="Test" time="0.183" errors="0" timestamp="2024-03-08T15:42:07 IST">
  <testcase classname="org.testng.AllAnnotations" name="Test" time="0.031"/>
  <testcase classname="org.testng.AllAnnotations" name="Test2" time="0.006"/>
  <testcase classname="org.testng.AllAnnotations" name="Test1" time="0.006"/>
  <testcase classname="org.testng.AllAnnotations" name="DemoTest" time="0.004"/>
  <testcase classname="org.testng.DemoTest" name="DemoTest" time="0.006"/>
  <testcase classname="org.testng.DemoTest" name="DemoTes" time="0.0">
    <ignored/>
  </testcase> <!-- DemoTes -->
</testsuite> <!-- Test -->
